Arguments: 
  /usr/local/bin/node /usr/local/Cellar/yarn/1.9.4/libexec/bin/yarn.js install

PATH: 
  /usr/local/bin:/usr/bin:/bin:/usr/sbin:/sbin:/usr/local/mysql/bin

Yarn version: 
  1.9.4

Node version: 
  8.9.4

Platform: 
  darwin x64

Trace: 
  Error: ENOENT: no such file or directory, open '/Users/adamz/Library/Caches/Yarn/v2/npm-7zip-bin-linux-1.3.1-4856db1ab1bf5b6ee8444f93f5a8ad71446d00d5/.yarn-metadata.json'

npm manifest: 
  {
    "name": "cross-platform-desktop",
    "version": "1.0.0",
    "description": "cross-platform-desktop",
    "author": "rui",
    "repository": "https://github.com/figueiredorui/cross-platform-desktop.git",
    "license": "MIT",
    "main": "main.js",
    "devDependencies": {
      "electron": "^1.4.1",
      "electron-builder": "^14.5.3"
    },
    "dependencies": {
      "angular": "^1.6.1"
    },
    "scripts": {
      "postinstall": "install-app-deps",
      "start": "electron .",
      "dist": "build"
    },
    "build": {
      "appId": "cross-platform-desktop",
      "directories": {
        "buildResources": "../../assets",
        "output": "../../dist"
      },
      "extraResources": {
        "from": "../api/bin/dist/",
        "to": "api/bin/dist/",
        "filter": [
          "**/*"
        ]
      },
      "mac": {
        "category": "cross-platform-desktop"
      },
      "win": {
        "target": [
          "nsis"
        ]
      }
    }
  }

yarn manifest: 
  No manifest

Lockfile: 
  No lockfile
